[    0.000000] Initializing cgroup subsys cpuset
[    0.000000] Initializing cgroup subsys cpu
[    0.000000] Initializing cgroup subsys cpuacct
[    0.000000] Linux version 4.4.0-83-generic (buildd@lgw01-29) (gcc version 5.4.0 20160609 (Ubuntu 5.4.0-6ubuntu1~16.04.4) ) #106-Ubuntu SMP Mon Jun 26 17:54:43 UTC 2017 (Ubuntu 4.4.0-83.106-generic 4.4.70)
[    0.000000] Command line: BOOT_IMAGE=/boot/vmlinuz-4.4.0-83-generic root=LABEL=cloudimg-rootfs ro console=tty1 console=ttyS0
[    0.000000] KERNEL supported cpus:
[   000]   Intel GenuineIntel
[    0.000000]   AMD AuthenticAMD
[    0.000000]   Centaur CentaurHauls
[    0.000000] x86/fpu: xstate_offset[2]:  576, xstate_sizes[2]:  256
[    0.000000] x86/fpu: Supporting XSAVE feature 0x01: 'x87 floating point registers'
[    0.000000] x86/fpu: Supporting XSAVE feature 0x02: 'SSE registers'
[    0.000000] x86/fpu: Supporting XSAVE feature 0x04: 'AVX registers'
[    0.000000] x86/fpu: Enabled xstate features 0x7, context size is 832 bytes, using 'standard' format.
[    0.000000] x86/fpu: Using 'lazy' FPU context switches.
[    0.000000] e820: BIOS-provided physical RAM map:
[    0.000000] BIOS-e820: [mem 0x0000000000000000-0x000000000009fbff] usable
[    0.000000] BIOS-e820: [mem 0x000000000009fc00-0x000000000009ffff] reserved
[    0.000000] BIOS-e820: [mem 0x00000000000f0000-0x00000000000fffff] reserved
[    0.000000] BIOS-e820: [mem 0x0000000000100000-0x00000000dffeffff] usable
[    0.000000] BIOS-e820: [mem 0x00000000dfff0000-0x00000000dfffffff] ACPI data
[    0.000000] BIOS-e820: [mem 0x00000000fec00000-0x00000000fec00fff] reserved
[    0.000000] BIOS-e820: [mem 0x00000000fee00000-0x00000000fee00fff] reserved
[    0.000000]BIOS-e820: [mem 0x00000000fffc0000-0x00000000ffffffff] reserved
[    0.000000] BIOS-e820: [mem 0x0000000100000000-0x000000011fffffff] usable
[    0.000000] NX (Execute Disable) protection: active
[    0.000000] SMBIOS 2.5 present.
[    0.000000] Hypervisor detected: KVM
[    0.000000] e820: last_pfn = 0x120000 max_arch_pfn = 0x400000000
[    0.000000] MTRR: Disabled
[    0.000000] x86/PAT: MTRRs disabled, skipping PAT initialization too.
[    0.000000] x86/PAT: Configuration [0-7]: WB  WT  UC- UC  WB  WT  UC- UC  
[    0.000000] CPU MTRRs all blank - virtualized system.
[    0.000000] e820: last_pfn = 0xdfff0 max_arch_pfn = 0x400000000
[    0.000000] found SMP MP-table at [mem 0x0009fff0-0x0009ffff] mapped at [ffff88000009fff0]
[    0.000000] Scanning 1 areas for low memory corruption
[    0.000000] RAMDISK: [mem 0x36238000-0x37113fff]
[    0.000000] ACPI: Early table checksum verification disabled
[    0.000000] ACPI: RSDP 0x00000000000E0000 000024 (v02 VBOX  )
[    0.000000] ACPI: XSDT 0x00000000DFFF0030 00003C (v01 VBOX   VBOXXSDT 00000001 ASL  00000061)
[    0.000000] ACPI: FACP 0x00000000DFFF00F0 0000F4 (v04 VBOX   VBOXFACP 00000001 ASL  00000061)
[    0.000000] ACPI: DSDT 0x00000000DFFF0470 0021C8 (v02 VBOX   VBOXBIOS 00000002 INTL 20100528)
[    0.000000] ACPI: FACS 0x00000000DFFF0200 000040
[    0.000000] ACPI: FACS 0x00000000DFFF0200 000040
[    0.000000] ACPI: APIC 0x00000000DFFF0240 00005C (v02 VBOX   VBOXAPIC 00000001 ASL  00000061)
[    0.000000] ACPI: SSDT 0x00000000DFFF02A0 0001CC (v01 VBOX   VBOXCPUT 00000002 INTL 20100528)
[    0.000000] No NUMA configuration found
[    0.000000] Faking a node at [mem 0x0000000000000000-0x000000011fffffff]
[    0.000000] NODE_DATA(0) allocated [mem 0x11fff7000-0x11fffbfff]
[    0.000000] kvm-clock: Using msrs 4b564d01 and 4b564d00
[    0.000000] kvm-clock: cpu 0, msr 1:1ffef001, primary cpu clock
[    0.000000] kvm-clock: using sched offset of 3749432230 cycles
[    0.000000] clocksource: kvm-clock: mask: 0xffffffffffffffff max_cycles: 0x1cd42e4dffb, max_idle_ns: 881590591483 ns
[    0.000000] Zone ranges:
[    0.000000]   DMA      [mem 0x0000000000001000-0x0000000000ffffff]
[    0.000000]   DMA32    [mem 0x0000000001000000-0x00000000ffffffff]
[    0.000000]   Normal   [mem 0x0000000100000000-0x000000011fffffff]
[    0.000000]   Device   empty
[    0.000000] Movable zone start for each node
[    0.000000] Early memory node ranges
[    0.000000]   node   0: [mem 0x0000000000001000-0x000000000009efff]
[    0.000000]   node   0: [mem 0x0000000000100000-0x00000000dffeffff]
[    0.000000]   node   0: [mem 0x0000000100000000-0x000000011fffffff]
[    0.000000] Initmem setup node 0 [mem 0x0000000000001000-0x000000011fffffff]
[    0.000000] ACPI: PM-Timer IO Port: 0x4008
[    0.000000] IOAPIC[0]: apic_id 2, version 32, address 0xfec00000, GSI 0-23
[    0.000000] ACPI: INT_SRC_OVR (bus 0 bus_irq 0 global_irq 2 dfl dfl)
[    0.000000] ACPI: INT_SRC_OVR (bus 0 bus_irq 9 global_irq 9 high level)
[    0.000000] Using ACPI (MADT) for SMP configuration information
[    0.000000] smpboot: Allowing 2 CPUs, 0 hotplug CPUs
[    0.000000] PM: Registered nosave memory: [mem 0x00000000-0x00000fff]
[    0.000000] PM: Registered nosave memory: [mem 0x0009f000-0x0009ffff]
[    0.000000] PM: Registered nosave memory: [mem 0x000a0000-0x000effff]
[    0.000000] PM: Registered nosave memory: [mem 0x000f0000-0x000fffff]
[    0.000000] PM: Registered nosave memory: [mem 0xdfff0000-0xdfffffff]
[    0.000000] PM: Registered nosave memory: [mem 0xe0000000-0xfebfffff]
[    0.000000] PM: Registered nosave memory: [mem 0xfec00000-0xfec00fff]
[    0.000000] PM: Registered nosave memory: [mem 0xfec01000-0xfedfffff]
[    0.000000] PM: Registered nosave memory: [mem 0xfee00000-0xfee00fff]
[    0.000000] PM: Registered nosave memory: [mem 0xfee01000-0xfffbffff]
[    0.000000] PM: Registered nosave memory: [mem 0xfffc0000-0xffffffff]
[    0.000000] e820: [mem 0xe0000000-0xfebfffff] available for PCI devices
[    0.000000] Booting paravirtualized kernel on KVM
[    0.000000] clocksource: refined-jiffies: mask: 0xffffffff max_cycles: 0xffffffff, max_idle_ns: 7645519600211568 ns
[    0.000000] setup_percpu: NR_CPUS:512 nr_cpumask_bits:512 nr_cpu_ids:2 nr_node_ids:1
[    0.000000] PERCPU: Embedded 33 pages/cpu @ffff88011fc00000 s98264 r8192 d28712 u1048576
[    0.000000] PV qspinlock hash table entries: 256 (order: 0, 4096 bytes)
[    0.000000] Built 1 zonelists in Node order, mobility grouping on.  Total pages: 1032057
[    0.000000] Policy zone: Normal
[    0.000000] Kernel command line: BOOT_IMAGE=/boot/vmlinuz-4.4.0-83-generic root=LABEL=cloudimg-rootfs ro console=tty1 console=ttyS0
[    0.000000] PID hah table entries: 4096 (order: 3, 32768 bytes)
[    0.000000] Memory: 4027872K/4193848K available (8469K kernel code, 1294K rwdata, 3984K rodata, 1488K init, 1316K bss, 165976K reserved, 0K cma-reserved)
[    0.000000] SLUB: HWalign=64, Order=0-3, MinObjects=0, CPUs=2, Nodes=1
[    0.000000] Hierarchical RCU implementation.
[    0.000000] 	Build-time adjustment of leaf fanout to 64.
[    0.000000] 	RCU restricting CPUs from NR_CPUS=512 to nr_cpu_ids=2.
[    0.000000] RCU: Adjusting geometry for rcu_fanout_leaf=64, nr_cpu_ids=2
[    0.000000] NR_IRQS:33024 nr_irqs:440 16
[    0.000000] Console: colour VGA+ 80x25
[    0.000000] console [tty1] enabled
[    0.000000] console [ttyS0] enabled
[    0.000000] tsc: Detected 2903.998 MHz processor
[   13.198636] Calibrating delay loop (skipped) preset value.. 5807.99 BogoMIPS (lpj=11615992)
[   13.382961] pid_max: default: 32768 minimum: 301
[   13.509468] ACPI: Core revision 20150930
[   13.620598] ACPI: 2 ACPI AML tables successfully acquired and loaded
[   13.770881] Security Framework initialized
[   13.868345] Yama: becoming mindful.
[   13.966770] AppArmor: AppArmor initialized
[   14.072748] Dentry cache hash table entries: 524288 (order: 10, 4194304 bytes)
[   14.266776] Inode-cache hash table entries: 262144 (order: 9, 2097152 bytes)
[   14.427799] Mount-cache hash table entries: 8192 (order: 4, 65536 bytes)
[   14.571624] Mountpoint-cache hash table entries: 8192 (order: 4, 65536 bytes)
[   14.736749] Initializing cgroup subsys io
[   14.852133] Initializing cgroup subsys memory
[   14.947162] Initializing cgroup subsys devices
[   15.072302] Initializing cgroup subsys freezer
[   15.197675] Initializing cgroup subsys net_cls
[   15.325354] Initializing cgroup subsys perf_event
[   15.456584] Initializing cgroup subsys net_prio
[   15.547430] Initializing cgroup subsys hugetlb
[   15.560295] Initializing cgroup subsys pids
[   15.636624] CPU: Physical Processor ID: 0
[   15.744186] CPU: Processor Core ID: 0
[   15.853576] mce: CPU supports 0 MCE banks
[   15.939269] Last level iTLB entries: 4KB 64, 2MB 8, 4MB 8
[   16.087131] Last level dTLB entries: 4KB 64, 2MB 0, 4MB 0, 1GB 4
[   16.262799] Freeing SMP alternatives memory: 32K (ffffffff820b9000 - ffffffff820c1000)
[   16.492247] ftrace: allocating 32129 entries in 126 pages
[   16.748861] smpboot: APIC(0) Converting physical 0 to logical package 0
[   16.862839] smpboot: Max logical packages: 1
[   16.975539] x2apic enabled
[   17.044988] Switched APIC routing to physical x2apic.
[   17.175494] ..TIMER: vector=0x30 apic1=0 pin1=2 apic2=-1 pin2=-1
[   17.433020] smpboot: CPU0: Intel(R) Core(TM) i5-6267U CPU @ 2.90GHz (family: 0x6, model: 0x4e, stepping: 0x3)
[   17.701185] Performance Events: unsupported p6 CPU model 78 no PMU driver, software events only.
[   17.896389] KVM setup paravirtual spinlock
[   17.991909] x86: Booting SMP configuration:
[   18.110987] .... node  #0, CPUs:      #1
[   18.202539] kvm-clock: cpu 1, msr 1:1ffef041, secondary cpu clock
[   18.259706] mce: CPU supports 0 MCE banks
[   18.267959] x86: Booted up 1 node, 2 CPUs
[   18.326778] smpboot: Total of 2 processors activated (11615.99 BogoMIPS)
[   18.441138] devtmpfs: initialized
[   18.480854] evm: security.selinux
[   18.552413] evm: security.SMACK64
[   18.584090] evm: security.SMACK64EXEC
[   18.650365] evm: security.SMACK64TRANSMUTE
[   18.694696] evm: security.SMACK64MMAP
[   18.734888] evm: security.ima
[   18.765863] evm: security.capability
[   18.801640] clocksource: jiffies: mask: 0xffffffff max_cycles: 0xffffffff, max_idle_ns: 7645041785100000 ns
[   18.881838] futex hash table entries: 512 (order: 3, 32768 bytes)
[   18.893649] pinctrl core: initialized pinctrl subsystem
[   18.916347] RTC time:  3:36:53, date: 07/27/17
[   18.925918] NET: Registered protocol family 16
[   19.005155] cpuidle: using governor ladder
[   19.109557] cpuidle: using governor menu
[   19.214327] PCCT header not found.
[   19.302806] ACPI: bus type PCI registered
[   19.413319] acpiphp: ACPI Hot Plug PCI Controller Driver version: 0.5
[   19.578387] PCI: Using configuration type 1 for base access
[   19.735562] ACPI: Added _OSI(Module Device)
[   19.841389] ACPI: Added _OSI(Processor Device)
[   19.972068] ACPI: Added _OSI(3.0 _SCP Extensions)
[   20.079770] ACPI: Added _OSI(Processor Aggregator Device)
[   20.212070] ACPI: Executed 1 blocks of module-level executable AML code
[   20.374987] ACPI: Interpreter enabled
[   20.458743] ACPI: (supports S0 S5)
[   20.554563] ACPI: Using IOAPIC for interrupt routing
[   20.638689] PCI: Using host bridge windows from ACPI; if necessary, use "pci=nocrs" and report a bug
[   20.894320] ACPI: PCI Root Bridge [PCI0] (domain 0000 [bus 00-ff])
[   21.052981] acpi PNP0A03:00: _OSC: OS supports [ASPM ClockPM Segments MSI]
[   21.194175] acpi PNP0A03:00: _OSC failed (AE_NOT_FOUND); disabling ASPM
[   21.345444] acpi PNP0A03:00: fail to add MMCONFIG information, can't access extended PCI configuration space under this bridge.
[   21.634725] PCI host bridge to bus 0000:00
[   21.744869] pci_bus 0000:00: root bus resource [io  0x0000-0x0cf7 window]
[   21.876724] pci_bus 0000:00: root bus resource [io  0x0d00-0xffff window]
[   22.029013] pci_bus 0000:00: root bus resource [mem 0x000a0000-0x000bffff window]
[   22.196127] pci_bus 0000:00: root bus resource [mem 0xe0000000-0xffdfffff window]
[   22.346541] pci_bus 0000:00: root bus resource [bus 00-ff]
[   22.399700] pci 0000:00:01.1: legacy IDE quirk: reg 0x10: [io  0x01f0-0x01f7]
[   22.438066] pci 0000:00:01.1: legacy IDE quirk: reg 0x14: [io  0x03f6]
[   22.519174] pci 0000:00:01.1: legacy IDE quirk: reg 0x18: [io  0x0170-0x0177]
[   22.545196] pci 0000:00:01.1: legacy IDE quirk: reg 0x1c: [io  0x0376]
[   22.642170] pci 0000:00:07.0: quirk: [io  0x4000-0x403f] claimed by PIIX4 ACPI
[   22.694088] pci 0000:00:07.0: quirk: [io  0x4100-0x410f] claimed by PIIX4 SMB
[   22.771675] ACPI: PCI Interrupt Link [LNKA] (IRQs 5 9 10 *11)
[   22.830317] ACPI: PCI Interrupt Link [LNKB] (IRQs 5 9 10 *11)
[   22.837876] ACPI: PCI Interrupt Link [LNKC] (IRQs 5 9 *10 11)
[   22.876811] ACPI: PCI Interrupt Link [LNKD] (IRQs 5 *9 10 11)
[   22.902620] ACPI: Enabled 2 GPEs in block 00 to 07
[   22.957058] vgaarb: setting as boot device: PCI:0000:00:02.0
[   22.991168] vgaarb: device added: PCI:0000:00:02.0,decodes=io+mem,owns=io+mem,locks=none
[   23.037700] vgaarb: loaded
[   23.042156] vgaarb: bridge control possible 0000:00:02.0
[   23.064871] SCSI subsystem initialized
[   23.076830] ACPI: bus type USB registered
[   23.085372] usbcore: registered new interface driver usbfs
[   23.122181] usbcore: registered new interface driver hub
[   23.147017] usbcore: registered new device driver usb
[   23.150075] PCI: Using ACPI for IRQ routing
[   23.173741] NetLabel: Initializing
[   23.178827] NetLabel:  domain hash size = 128
[   23.187832] NetLabel:  protocols = UNLABELED CIPSOv4
[   23.252401] NetLabel:  unlabeled traffic allowed by default
[   23.394767] amd_nb: Cannot enumerate AMD northbridges
[   23.510182] clocksource: Switched to clocksource kvm-clock
[   23.652711] AppArmor: AppArmor Filesystem Enabled
[   23.777296] pnp: PnP ACPI init
[   23.877066] pnp: PnP ACPI: found 3 devices
[   23.990313] clocksource: acpi_pm: mask: 0xffffff max_cycles: 0xffffff, max_idle_ns: 2085701024 ns
[   24.241322] NET: Registered protocol family 2
[   24.370710] TCP established hash table entries: 32768 (order: 6, 262144 bytes)
[   24.580555] TCP bind hash table entries: 32768 (order: 7, 524288 bytes)
[   24.788102] TCP: Hash tables configured (established 32768 bind 32768)
[   24.984376] UDP hash table entries: 2048 (order: 4, 65536 bytes)
[   25.103455] UDP-Lite hash table entries: 2048 (order: 4, 65536 bytes)
[   25.272640] NET: Registered protocol family 1
[   25.397878] pci 0000:00:00.0: Limiting direct PCI/PCI transfers
[   25.581533] pci 0000:00:01.0: Activating ISA DMA hang workarounds
[   25.728799] Unpacking initramfs...
[   26.028623] Freeing initrd memory: 15216K (ffff880036238000 - ffff880037114000)
[   26.198818] PCI-DMA: Using software bounce buffering for IO (SWIOTLB)
[   26.305277] software IO TLB [mem 0xdbff0000-0xdfff0000] (64MB) mapped at [ffff8800dbff0000-ffff8800dffeffff]
[   26.495074] platform rtc_cmos: registered platform RTC device (no PNP device found)
[   26.687728] Scanning for low memory corruption every 60 seconds
[   26.825035] audit: initializing netlink subsys (disabled)
[   26.873259] audit: type=2000 audit(1501126604.393:1): initialized
[   26.946405] Initialise system trusted keyring
[   26.981709] HugeTLB registered 2 MB page size, pre-allocated 0 pages
[   27.009822] zbud: loaded
[   27.025109] VFS: Disk quotas dquot_6.6.0
[   27.046868] VFS: Dquot-cache hash table entries: 512 (order 0, 4096 bytes)
[   27.080940] squashfs: version 4.0 (2009/01/31) Phillip Lougher
[   27.105259] fuse init (API version 7.23)
[   27.114253] Key type big_key registered
[   27.119002] Allocating IMA MOK and blacklist keyrings.
[   27.128093] Key type asymmetric registered
[   27.138410] Asymmetric key parser 'x509' registered
[   27.149847] Block layer SCSI generic (bsg) driver version 0.4 loaded (major 249)
[   27.173986] io scheduler noop registered
[   27.191669] io scheduler deadline registered (default)
[   27.232409] io scheduler cfq registered
[   27.242956] pci_hotplug: PCI Hot Plug PCI Core version: 0.5
[   27.250762] pciehp: PCI Express Hot Plug Controller Driver version: 0.4
[   27.262084] ACPI: AC Adapter [AC] (on-line)
[   27.267829] input: Power Button as /devices/LNXSYSTM:00/LNXPWRBN:00/input/input0
[   27.289611] ACPI: Power Button [PWRF]
[   27.302950] input: Sleep Button as /devices/LNXSYSTM:00/LNXSLPBN:00/input/input1
[   27.319426] ACPI: Sleep Button [SLPF]
[   27.334306] GHES: HEST is not enabled!
[   27.337108] ACPI: Battery Slot [BAT0] (battery present)
[   27.495092] tsc: Refined TSC clocksource calibration: 2901.920 MHz
[   27.495094] clocksource: tsc: mask: 0xffffffffffffffff max_cycles: 0x29d458c4b8f, max_idle_ns: 440795216018 ns
[   27.898644] Serial: 8250/16550 driver, 32 ports, IRQ sharing enabled
[   28.048775] 00:02: ttyS0 at I/O 0x3f8 (irq = 4, base_baud = 115200) is a 16550A
[   28.165443] Linux agpgart interface v0.103
[   28.265873] loop: module loaded
[   28.315365] scsi host0: ata_piix
[   28.399109] scsi host1: ata_piix
[   28.462761] ata1: PATA max UDMA/33 cmd 0x1f0 ctl 0x3f6 bmdma 0xd000 irq 14
[   28.649248] ata2: PATA max UDMA/33 cmd 0x170 ctl 0x376 bmdma 0xd008 irq 15
[   28.804056] libphy: Fixed MDIO Bus: probed
[   28.904018] tun: Universal TUN/TAP device driver, 1.6
[   29.033544] tun: (C) 1999-2004 Max Krasnyansky <maxk@qualcomm.com>
[   29.134251] PPP generic driver version 2.4.2
[   29.169086] ehci_hcd: USB 2.0 'Enhanced' Host Controller (EHCI) Driver
[   29.354958] ehci-pci: EHCI PCI platform driver
[   29.405354] ehci-platform: EHCI generic platform driver
[   29.460561] ohci_hcd: USB 1.1 'Open' Host Controller (OHCI) Driver
[   29.503898] ohci-pci: OHCI PCI platform driver
[   29.593552] ohci-platform: OHCI generic platform driver
[   29.643717] uhci_hcd: USB Universal Host Controller Interface driver
[   29.758515] i8042: PNP: PS/2 Controller [PNP0303:PS2K,PNP0f03:PS2M] at 0x60,0x64 irq 1,12
[   29.914477] serio: i8042 KBD port at 0x60,0x64 irq 1
[   29.941083] serio: i8042 AUX port at 0x60,0x64 irq 12
[   30.099728] mousedev: PS/2 mouse device common for all mice
[   30.188243] input: AT Translated Set 2 keyboard as /devices/platform/i8042/serio0/input/input2
[   30.361107] rtc_cmos rtc_cmos: rtc core: registered rtc_cmos as rtc0
[   30.534668] rtc_cmos rtc_cmos: alarms up to one day, 114 bytes nvram
[   30.714788] i2c /dev entries driver
[   30.814651] device-mapper: uevent: version 1.0.3
[   30.928835] device-mapper: ioctl: 4.34.0-ioctl (2015-10-28) initialised: dm-devel@redhat.com
[   31.164559] ledtrig-cpu: registered to indicate activity on CPUs
[   31.293064] NET: Registered protocol family 10
[   31.335330] NET: Registered protocol family 17
[   31.353241] Key type dns_resolver registered
[   31.407136] microcode: CPU0 sig=0x406e3, pf=0x2, revision=0x0
[   31.566966] microcode: CPU1 sig=0x406e3, pf=0x2, revision=0x0
[   31.585659] microcode: Microcode Update Driver: v2.01 <tigran@aivazian.fsnet.co.uk>, Peter Oruba
[   31.814484] registered taskstats version 1
[   31.922644] Loading compiled-in X.509 certificates
[   32.050044] Loaded X.509 cert 'Build time autogenerated kernel key: 35105354eb779045e4d9ad793dead39d5ee93f76'
[   32.241634] zswap: loaded using pool lzo/zbud
[   32.277010] Key type trusted registered
[   32.339203] Key type encrypted registered
[   32.404804] AppArmor: AppArmor sha1 policy hashing enabled
[   32.464370] ima: No TPM chip found, activating TPM-bypass!
[   32.471008] evm: HMAC attrs: 0x1
[   32.485882]   Magic number: 9:930:614
[   32.501690] acpi PNP0303:00: hash matches
[   32.521993] rtc_cmos rtc_cmos: setting system clock to 2017-07-27 03:37:07 UTC (1501126627)
[   32.591652] BIOS EDD facility v0.16 2004-Jun-25, 0 devices found
[   32.671417] EDD information not available.
[   32.712867] Freeing unused kernel memory: 1488K (ffffffff81f45000 - ffffffff820b9000)
[   32.875708] Write protecting the kernel read-only data: 14336k
[   33.005656] Freeing unused kernel memory: 1760K (ffff880001848000 - ffff880001a00000)
[   33.217056] Freeing unused kernel memory: 112K (ffff880001de4000 - ffff880001e00000)
Loading, please [   33.428037] random: systemd-udevd: uninitialized urandom read (16 bytes read, 7 bits of entropy available)
wait...
startin[   33.428607] random: udevadm: uninitialized urandom read (16 bytes read, 7 bits of entropy available)
g version 229
[   33.428636] random: udevadm: uninitialized urandom read (16 bytes read, 7 bits of entropy available)
[   33.428731] random: udevadm: uninitialized urandom read (16 bytes read, 7 bits of entropy available)
[   33.428765] random: udevadm: uninitialized urandom read (16 bytes read, 7 bits of entropy available)
[   33.428797] random: udevadm: uninitialized urandom read (16 bytes read, 7 bits of entropy available)
[   33.428837] random: udevadm: uninitialized urandom read (16 bytes read, 7 bits of entropy available)
[   33.428871] random: udevadm: uninitialized urandom read (16 bytes read, 7 bits of entropy available)
[   33.428902] random: udevadm: uninitialized urandom read (16 bytes read, 7 bits of entropy available)
[   33.428934] random: udevadm: uninitialized urandom read (16 bytes read, 7 bits of entropy available)
[   35.735693] e1000: Intel(R) PRO/1000 Network Driver - version 7.3.21-k8-NAPI
[   35.898401] e1000: Copyright (c) 1999-2006 Intel Corporation.
[   35.965169] Fusion MPT base driver 3.04.20
[   35.983946] Copyright (c) 1999-2008 LSI Corporation
[   36.021639] AVX version of gcm_enc/dec engaged.
[   36.071225] AES CTR mode by8 optimization enabled
[   36.081135] Fusion MPT SPI Host driver 3.04.20
[   36.218299] input: ImExPS/2 Generic Explorer Mouse as /devices/platform/i8042/serio1/input/input4
[   36.388208] e1000 0000:00:03.0 eth0: (PCI:33MHz:32-bit) 02:f4:7c:c4:3b:a3
[   36.475780] e1000 0000:00:03.0 eth0: Intel(R) PRO/1000 Network Connection
[   36.599718] e1000 0000:00:03.0 enp0s3: renamed from eth0
[   36.737691] mptbase: ioc0: Initiating bringup
[   36.922698] ioc0: LSI53C1030 A0: Capabilities={Initiator}
[   37.166468] scsi host2: ioc0: LSI53C1030 A0, FwRev=00000000h, Ports=1, MaxQ=256, IRQ=20
[   37.576178] scsi 2:0:0:0: Direct-Access     VBOX     HARDDISK         1.0  PQ: 0 ANSI: 5
[   37.824885] scsi target2:0:0: Beginning Domain Validation
[   37.990969] scsi target2:0:0: Domain Validation skipping write tests
[   38.171012] scsi target2:0:0: Ending Domain Validation
[   38.304522] scsi target2:0:0: asynchronous
[   38.414346] scsi 2:0:1:0: Direct-Access     VBOX     HARDDISK         1.0  PQ: 0 ANSI: 5
[   38.647474] scsi target2:0:1: Beginning Domain Validation
[   38.760618] scsi target2:0:1: Domain Validation skipping write tests
[   38.889056] scsi target2:0:1: Ending Domain Validation
[   38.999180] scsi target2:0:1: asynchronous
[   39.089998] sd 2:0:0:0: [sda] 20971520 512-byte logical blocks: (10.7 GB/10.0 GiB)
[   39.118492] floppy0: no floppy controllers found
[   39.118531] work still pending
[   39.253872] sd 2:0:0:0: Attached scsi generic sg0 type 0
[   39.254752] sd 2:0:1:0: Attached scsi generic sg1 type 0
[   39.255130] sd 2:0:1:0: [sdb] 20480 512-byte logical blocks: (10.5 MB/10.0 MiB)
[   39.255380] sd 2:0:1:0: [sdb] Write Protect is off
[   39.255515] sd 2:0:1:0: [sdb] Incomplete mode parameter data
[   39.255517] sd 2:0:1:0: [sdb] Assuming drive cache: write through
[   39.260581] sd 2:0:1:0: [sdb] Attached SCSI disk
[   40.312059] sd 2:0:0:0: [sda] Write Protect is off
[   40.438553] sd 2:0:0:0: [sda] Incomplete mode parameter data
[   40.593580] sd 2:0:0:0: [sda] Assuming drive cache: write through
[   40.755258]  sda: sda1
[   40.821615] sd 2:0:0:0: [sda] Attached SCSI disk
Begin: Loading e[   42.327725] md: linear personality registered for level -1
ssential drivers ... [   42.408754] md: multipath personality registered for level -4
[   42.438670] md: raid0 personality registered for level 0
[   42.467909] md: raid1 personality registered for level 1
[   42.578425] raid6: sse2x1   gen()  5261 MB/s
[   42.694231] raid6: sse2x1   xor()  4041 MB/s
[   42.846356] raid6: sse2x2   gen() 10203 MB/s
[   43.034353] raid6: sse2x2   xor()  7229 MB/s
[   43.226795] raid6: sse2x4   gen() 11916 MB/s
[   43.410305] raid6: sse2x4   xor()  7917 MB/s
[   43.524912] raid6: using algorithm sse2x4 gen() 11916 MB/s
[   43.683860] raid6: .... xor() 7917 MB/s, rmw enabled
[   43.796626] raid6: using ssse3x2 recovery algorithm
[   43.937159] xor: automatically using best checksumming function:
[   44.134992]    avx       : 19863.000 MB/sec
[   44.271550] async_tx: api initialized (async)
[   44.402018] md: raid6 personality registered for level 6
[   44.570599] md: raid5 personality registered for level 5
[   44.696934] md: raid4 personality registered for level 4
[   44.839949] md: raid10 personality registered for level 10
done.
Begin: Running /scripts/i[   44.988335] Btrfs loaded
nit-premount ... done.
Begin: M[   45.091840] EXT4-fs (sda1): mounted filesystem with ordered data mode. Opts: (null)
ounting root file system ... Begin: Running /scripts/local-top ... done.
Begin: Running /scripts/local-premount ... Scanning for Btrfs filesystems
done.
Warning: fsck not present, so skipping root file system
done.
Begin: Running /scripts/local-bottom ... done.
Begin: Running /scripts/init-bottom ... done.
[   45.654102] systemd[1]: systemd 229 running in system mode. (+PAM +AUDIT +SELINUX +IMA +APPARMOR +SMACK +SYSVINIT +UTMP +LIBCRYPTSETUP +GCRYPT +GNUTLS +ACL +XZ -LZ4 +SECCOMP +BLKID +ELFUTILS +KMOD -IDN)
[   45.949604] systemd[1]: Detected virtualization oracle.
[   46.003697] systemd[1]: Detected architecture x86-64.

Welcome to [1mUbuntu 16.04.2 LTS[0m!

[   46.095662] systemd[1]: Set hostname to <ubuntu-xenial>.
[   46.318405] random: nonblocking pool is initialized
[   46.514411] systemd[1]: Started Forward Password Requests to Wall Directory Watch.
[[0;32m  OK  [0m] Started Forward Password Requests to Wall Directory Watch.
[   46.840089] systemd[1]: Created slice System Slice.
[[0;32m  OK  [0m] Created slice System Slice.
[   47.024129] systemd[1]: Listening on /dev/initctl Compatibility Named Pipe.
[[0;32m  OK  [0m] Listening on /dev/initctl Compatibility Named Pipe.
[   47.155114] systemd[1]: Reached target Swap.
[[0;32m  OK  [0m] Reached target Swap.
[   47.290734] systemd[1]: Set up automount Arbitrary Executable File Formats File System Automount Point.
[[0;32m  OK  [0m] Set up automount Arbitrary Executab...ats File System Automount Point.
[   47.534758] systemd[1]: Started Trigger resolvconf update for networkd DNS.
[[0;32m  OK  [0m] Started Trigger resolvconf update for networkd DNS.
[   47.814697] systemd[1]: Listening on Syslog Socket.
[[0;32m  OK  [0m] Listening on Syslog Socket.
[   48.016188] systemd[1]: Listening on LVM2 metadata daemon socket.
[[0;32m  OK  [0m] Listening on LVM2 metadata daemon socket.
[   48.246915] systemd[1]: Listening on Device-mapper event daemon FIFOs.
[[0;32m  OK  [0m] Listening on Device-mapper event daemon FIFOs.
[   48.383544] systemd[1]: Created slice system-serial\x2dgetty.slice.
[[0;32m  OK  [0m] Created slice system-serial\x2dgetty.slice.
[   48.606591] systemd[1]: Listening on udev Kernel Socket.
[[0;32m  OK  [0m] Listening on udev Kernel Socket.
[   48.790639] systemd[1]: Reached target User and Group Name Lookups.
[[0;32m  OK  [0m] Reached target User and Group Name Lookups.
[   49.015383] systemd[1]: Listening on Journal Socket.
[[0;32m  OK  [0m] Listening on Journal Socket.
[   49.254603] systemd[1]: Mounting POSIX Message Queue File System...
         Mounting POSIX Message Queue File System...
[   49.391319] systemd[1]: Starting Create list of required static device nodes for the current kernel...
         Starting Create list of required st... nodes for the current kernel...
[   49.630577] systemd[1]: Mounting Debug File System...
         Mounting Debug File System...
[   49.742963] systemd[1]: Starting Load Kernel Modules...
[   49.816813] Loading iSCSI transport class v2.0-870.
         Startin[   49.965996] iscsi: registered transport (tcp)
g Load Kernel Modules...
[   50.115810] iscsi: registered transport (iser)
[   50.263354] systemd[1]: Starting Uncomplicated firewall...
         Starting Uncomplicated firewall...
[   50.450395] systemd[1]: Starting Set console keymap...
         Starting Set console keymap...
[   50.514457] systemd[1]: Mounting Huge Pages File System...
         Mounting Huge Pages File System...
[   50.635128] systemd[1]: Starting Monitoring of LVM2 mirrors, snapshots etc. using dmeventd or progress polling...
         Starting Monitoring of LVM2 mirrors... dmeventd or progress polling...
[   50.803023] systemd[1]: Starting Remount Root and Kernel File Systems...
[   50.807747] EXT4-fs (sda1): re-mounted. Opts: (null)
         Starting Remount Root and Kernel File Systems...
[   51.010793] systemd[1]: Listening on LVM2 poll daemon socket.
[[0;32m  OK  [0m] Listening on LVM2 poll daemon socket.
[   51.182986] systemd[1]: Listening on Journal Audit Socket.
[[0;32m  OK  [0m] Listening on Journal Audit Socket.
[   51.318674] systemd[1]: Starting Nameserver information manager...
         Starting Nameserver information manager...
[   51.567223] systemd[1]: Created slice User and Session Slice.
[[0;32m  OK  [0m] Created slice User and Session Slice.
[   51.654896] systemd[1]: Reached target Slices.
[[0;32m  OK  [0m] Reached target Slices.
[   51.830944] systemd[1]: Listening on udev Control Socket.
[[0;32m  OK  [0m] Listening on udev Control Socket.
[   52.047154] systemd[1]: Reached target Encrypted Volumes.
[[0;32m  OK  [0m] Reached target Encrypted Volumes.
[   52.250725] systemd[1]: Listening on Journal Socket (/dev/log).
[[0;32m  OK  [0m] Listening on Journal Socket (/dev/log).
[   52.534468] systemd[1]: Starting Journal Service...
         Starting Journal Service...
[   52.667566] systemd[1]: Mounted Debug File System.
[[0;32m  OK  [0m] Mounted Debug File System.
[   52.734763] systemd[1]: Mounted Huge Pages File System.
[[0;32m  OK  [0m] Mounted Huge Pages File System.
[   52.950644] systemd[1]: Mounted POSIX Message Queue File System.
[[0;32m  OK  [0m] Mounted POSIX Message Queue File System.
[   53.183178] systemd[1]: Started Journal Service.
[[0;32m  OK  [0m] Started Journal Service.
[[0;32m  OK  [0m] Started Create list of required sta...ce nodes for the current kernel.
[[0;32m  OK  [0m] Started Load Kernel Modules.
[[0;32m  OK  [0m] Started Uncomplicated firewall.
[[0;32m  OK  [0m] Started Set console keymap.
[[0;32m  OK  [0m] Started Remount Root and Kernel File Systems.
[[0;32m  OK  [0m] Started Nameserver information manager.
[[0;32m  OK  [0m] Started LVM2 metadata daemon.
         Starting udev Coldplug all Devices...
         Starting Initial cloud-init job (pre-networking)...
         Starting Load/Save Random Seed...
         Mounting FUSE Control File System...
         Starting Apply Kernel Variables...
         Starting Create Static Device Nodes in /dev...
         Starting Flush Journal to Persistent Storage...
[[0;32m  OK  [0m] Mounted FUSE Control File System.
[[0;32m  OK  [0m] Started Monitoring of LVM2 mirrors,...ng dmeventd or progress polling.
[[0;32m  OK  [0m] Started Load/Save Random Seed.
[[0;32m  OK  [0m] Started Apply Kernel Variables.
[[0;32m  OK  [0m] Started Create Static Device Nodes in /dev.
[[0;32m  OK  [0m] Started udev Coldplug all Devices.
[[0;32m  OK  [0m] Started Flush Journal to Persistent Storage.
         Starting udev Kernel Device Manager...
[[0;32m  OK  [0m] Started udev Kernel Device Manager.
[   32.140232] cloud-init[451]: Cloud-init v. 0.7.9 running 'init-local' at Thu, 27 Jul 2017 03:37:29 +0000. Up 31.86 seconds.
[[0;32m  OK  [0m] Reached target Local File Systems (Pre).
[[0;32m  OK  [0m] Reached target Local File Systems.
         Starting Set console font and keymap...
         Starting Tell Plymouth To Write Out Runtime Data...
         Starting LSB: AppArmor initialization...
         Starting Create Volatile Files and Directories...
[[0;32m  OK  [0m] Started Dispatch Password Requests to Console Directory Watch.
[[0;32m  OK  [0m] Started Set console font and keymap.
[[0;32m  OK  [0m] Started Tell Plymouth To Write Out Runtime Data.
[[0;32m  OK  [0m] Started Create Volatile Files and Directories.
[[0;32m  OK  [0m] Started Initial cloud-init job (pre-networking).
[[0;32m  OK  [0m] Found device /dev/ttyS0.
[[0;32m  OK  [0m] Listening on Load/Save RF Kill Switch Status /dev/rfkill Watch.
[[0;32m  OK  [0m] Reached target Network (Pre).
[[0;32m  OK  [0m] Reached target System Time Synchronized.
         Starting Update UTMP about System Boot/Shutdown...
[[0;32m  OK  [0m] Created slice system-getty.slice.
[[0;32m  OK  [0m] Started LSB: AppArmor initialization.
         Starting Raise network interfaces...
[[0;32m  OK  [0m] Started ifup for enp0s3.
[[0;32m  OK  [0m] Started Update UTMP about System Boot/Shutdown.
[[0;32m  OK  [0m] Started Raise network interfaces.
[[0;32m  OK  [0m] Reached target Network.
         Starting Initial cloud-init job (metadata service crawler)...
[   36.859336] cloud-init[975]: Cloud-init v. 0.7.9 running 'init' at Thu, 27 Jul 2017 03:37:34 +0000. Up 36.24 seconds.
[   36.919481] cloud-init[975]: ci-info: +++++++++++++++++++++++++++++++++++++Net device info++++++++++++++++++++++++++++++++++++++
[   36.971827] cloud-init[975]: ci-info: +--------+------+----------------------------+---------------+-------+-------------------+
[   37.003728] cloud-init[975]: ci-info: | Device |  Up  |          Address           |      Mask     | Scope |     Hw-Address    |
[[0;32m  OK  [0m] Started Initial cloud-init job (metadata service crawler).
[   37.049987] cloud-init[975]: ci-info: +--------+------+----------------------------+---------------+-------+-------------------+
[   37.149530] cloud-init[975]: ci-info: |   lo   | True |         127.0.0.1          |   255.0.0.0   |   .   |         .         |
[   37.209521] cloud-init[975]: ci-info: |   lo   | True |          ::1/128           |       .       |  host |         .         |
[[0;32m  OK  [0m] Reached target System Initialization.
[[0;32m  OK  [0m] Listening on D-Bus System Message Bus Socket.
[   37.274521] cloud-init[975]: ci-info: | enp0s3 | True |         10.0.2.15          | 255.255.255.0 |   .   | 02:f4:7c:c4:3b:a3 |
[   37.349988] cloud-init[975]: ci-info: | enp0s3 | True | fe80::f4:7cff:fec4:3ba3/64 |       .       |  link | 02:f4:7c:c4:3b:a3 |
[[0;32m  OK  [0m] Started Daily apt activities.
         Starting Socket activation for snappy daemon.
[[0;32m  OK  [0m] Started Daily Cleanup of Temporary Directories.
[   37.383462] cloud-init[975]: ci-info: +--------+------+----------------------------+---------------+-------+-------------------+
[   37.512516] cloud-init[975]: ci-info: +++++++++++++++++++++++++++Route IPv4 info++++++++++++++++++++++++++++
         Starting LXD - unix socket.
[   37.597855] cloud-init[975]: ci-info: +-------+-------------+----------+---------------+-----------+-------+
[   37.730040] cloud-init[975]: ci-info: | Route | Destination | Gateway  |    Genmask    | Interface | Flags |
[   37.805242] cloud-init[975]: ci-info: +-------+-------------+----------+---------------+-----------+-------+
[[   37.896236] cloud-init[975]: ci-info: |   0   |   0.0.0.0   | 10.0.2.2 |    0.0.0.0    |   enp0s3  |   UG  |
[   37.896396] cloud-init[975]: ci-info: |   1   |   10.0.2.0  | 0.0.0.0  | 255.255.255.0 |   enp0s3  |   U   |
[   37.896716] cloud-init[975]: ci-info: +-------+-------------+----------+---------------+-----------+-------+
[0;32m  OK  [0m] Started ACPI Events Check.
[[0;32m  OK  [0m] Reached target Paths.
[[0;32m  OK  [0m] Listening on UUID daemon activation socket.
[[0;32m  OK  [0m] Started Timer to automatically refresh installed snaps.
[[0;32m  OK  [0m] Reached target Timers.
[[0;32m  OK  [0m] Listening on ACPID Listen Socket.
[[0;32m  OK  [0m] Reached target Cloud-config availability.
[[0;32m  OK  [0m] Reached target Network is Online.
         Starting iSCSI initiator daemon (iscsid)...
[[0;32m  OK  [0m] Listening on Socket activation for snappy daemon.
[[0;32m  OK  [0m] Listening on LXD - unix socket.
[[0;32m  OK  [0m] Started iSCSI initiator daemon (iscsid).
         Starting Login to default iSCSI targets...
[[0;32m  OK  [0m] Reached target Sockets.
[[0;32m  OK  [0m] Reached target Basic System.
[[0;32m  OK  [0m] Started Regular background program processing daemon.
         Starting Login Service...
         Starting LSB: MD monitoring daemon...
[[0;32m  OK  [0m] Started ACPI event daemon.
         Starting System Logging Service...
[[0;32m  OK  [0m] Started Snappy daemon.
[[0;32m  OK  [0m] Started FUSE filesystem for LXC.
         Starting /etc/rc.local Compatibility...
[[0;32m  OK  [0m] Started Unattended Upgrades Shutdown.
[[0;32m  OK  [0m] Started D-Bus System Message Bus.
         Starting LSB: Record successful boot for GRUB...
         Starting Accounts Service...
         Starting LXD - container startup/shutdown...
[[0;32m  OK  [0m] Started Deferred execution scheduler.
         Starting Apply the settings specified in cloud-config...
         Starting OpenBSD Secure Shell server...
         Starting Auto import assertions from block devices...
[[0;32m  OK  [0m] Started System Logging Service.
[[0;32m  OK  [0m] Started OpenBSD Secure Shell server.
[[0;32m  OK  [0m] Started /etc/rc.local Compatibility.
[[0;32m  OK  [0m] Started LXD - container startup/shutdown.
[[0;32m  OK  [0m] Started Auto import assertions from block devices.
[[0;32m  OK  [0m] Started Login to default iSCSI targets.
[[0;32m  OK  [0m] Started LSB: MD monitoring daemon.
[[0;32m  OK  [0m] Started Login Service.
         Starting Authenticate and Authorize Users to Run Privileged Tasks...
[[0;32m  OK  [0m] Reached target Remote File Systems (Pre).
[[0;32m  OK  [0m] Reached target Remote File Systems.
[   40.433033] cloud-init[1086]: Cloud-init v. 0.7.9 running 'modules:config' at Thu, 27 Jul 2017 03:37:37 +0000. Up 40.16 seconds.
         Starting LSB: daemon to balance interrupts for SMP systems...
         Starting LSB: automatic crash report generation...
         Starting Permit User Sessions...
         Starting LSB: VirtualBox Linux Additions...
         Starting LSB: Set the CPU Frequency Scaling governor to "ondemand"...
[[0;32m  OK  [0m] Started LSB: Record successful boot for GRUB.
[[0;32m  OK  [0m] Started Apply the settings specified in cloud-config.
[[0;32m  OK  [0m] Started Permit User Sessions.
[[0;32m  OK  [0m] Started Authenticate and Authorize Users to Run Privileged Tasks.
[[0;32m  OK  [0m] Started Accounts Service.
[[0;32m  OK  [0m] Started LSB: daemon to balance interrupts for SMP systems.
[[0;32m  OK  [0m] Started LSB: automatic crash report generation.
[[0;32m  OK  [0m] Started LSB: VirtualBox Linux Additions.
[[0;32m  OK  [0m] Created slice User Slice of ubuntu.
[[0;32m  OK  [0m] Started Session 1 of user ubuntu.
         Starting User Manager for UID 1000...
         Starting Terminate Plymouth Boot Screen...
         Starting Hold until boot process finishes up...
[[0;32m  OK  [0m] Started User Manager for UID 1000.
[[0;32m  OK  [0m] Started LSB: Set the CPU Frequency Scaling governor to "ondemand".
[[0;32m  OK  [0m] Started Terminate Plymouth Boot Screen.
[[0;32m  OK  [0m] Started Hold until boot process finishes up.
[[0;32m  OK  [0m] Started Serial Getty on ttyS0.
[[0;32m  OK  [0m] Started Getty on tty1.
[[0;32m  OK  [0m] Reached target Login Prompts.
         Starting Set console scheme...
[[0;32m  OK  [0m] Reached target Multi-User System.
         Starting Execute cloud user/final scripts...
[[0;32m  OK  [0m] Reached target Graphical Interface.
         Starting Update UTMP about System Runlevel Changes...
[[0;32m  OK  [0m] Started Set console scheme.
[[0;32m  OK  [0m] Started Update UTMP about System Runlevel Changes.
[   42.770571] cloud-init[1224]: Cloud-init v. 0.7.9 running 'modules:final' at Thu, 27 Jul 2017 03:37:40 +0000. Up 42.66 seconds.
[   42.900650] cloud-init[1224]: Cloud-init v. 0.7.9 finished at Thu, 27 Jul 2017 03:37:40 +0000. Datasource DataSourceNoCloud [seed=/dev/sdb][dsmode=net].  Up 42.76 seconds
[[0;32m  OK  [0m] Started Execute cloud user/final scripts.
[[0;32m  OK  [0m] Reached target Cloud-init target.

Ubuntu 16.04.2 LTS ubuntu-xenial ttyS0

ubuntu-xenial login: 